********************************************************************************
DUPLICATOR-LITE PACKAGE-LOG: June 1, 2020 12:13 pm
NOTICE: Do NOT post to public sites or forums 
********************************************************************************
VERSION:	1.3.34
WORDPRESS:	5.4.1
PHP INFO:	7.0.33-29+ubuntu18.04.1+deb.sury.org+1 | SAPI: apache2handler
SERVER:		Apache/2.4.29 (Ubuntu) 
PHP TIME LIMIT: (0) no time limit imposed 
PHP MAX MEMORY: 4294967296 (128M default) 
MEMORY STACK: 6MB
[CTRL DUP ARCIVE] PACKAGE AS NEW ID 1 SAVED | STATUS:0
[DUP ARCHIVE] BUILDING DATABASE

********************************************************************************
DATABASE:
********************************************************************************
BUILD MODE:   MYSQLDUMP
MYSQLTIMEOUT: 5000
MYSQLDUMP:    Is Supported
SQL CREATED: 20200601_marshall_59960d7a16cbceeb8273_20200601121259_database.sql
SQL FILE SIZE: 460.37KB (471423)
SQL FILE TIME: 2020-06-01 12:13:06
SQL RUNTIME: 0.15 sec.
[DUP ARCHIVE] VALIDATING DATABASE
[DUP ARCHIVE] DONE DATABASE

********************************************************************************
ARCHIVE Type=DUP Mode=DupArchive
********************************************************************************
ARCHIVE DIR:  /var/www/html/marshall
ARCHIVE FILE: 20200601_marshall_59960d7a16cbceeb8273_20200601121259_archive.daf
FILTERS: *OFF*
DIRS:
	not set
FILES:
	not set
EXTS:  not set
----------------------------------------
COMPRESSING
SIZE:	147.05MB
STATS:	Dirs 779 | Files 4,206 | Total 4,985
[DUP ARCHIVE] DONE ARCHIVE
building installer
add_extra_files1
add_extra_files2
add_extra_files3
add_extra_files4
Doing archive file check
add_extra_files5
add_extra_files6
add_extra_files7
add_extra_files_using_da1
Adding enhanced installer files to archive using DupArchive
[DUP ARCHIVE] DONE ARCHIVE
COMPRESSED SIZE: 96.74MB
ARCHIVE RUNTIME: 11.55 sec.
MEMORY STACK: 4MB
CREATE WARNINGS: No warnings.
VALIDATION WARNINGS: No warnings.
[DUP ARCHIVE] DONE ARCHIVE
[DUP ARCHIVE] HAS COMPLETED CLOSING
[DUP ARCHIVE] DUP ARCHIVE INTEGRITY CHECK

********************************************************************************
INTEGRITY CHECKS:
********************************************************************************
SQL FILE: 460.37KB
INSTALLER FILE: 75.18KB
ARCHIVE FILE: 96.74MB 
EXPECTED FILE/DIRECTORY COUNT: 5,166
ACTUAL FILE/DIRECTORY COUNT: 5,166

********************************************************************************
RECORD ID:[1]
TOTAL PROCESS RUNTIME: 11.72 sec.
PEAK PHP MEMORY USED: 4MB
DONE PROCESSING => 20200601_marshall 2020-06-01 12:13:17

